<?xml version="1.0" encoding="UTF-8"?>
<coverage generated="1768766458352" clover="3.2.0">
  <project timestamp="1768766458352" name="All files">
    <metrics statements="14" coveredstatements="14" conditionals="6" coveredconditionals="6" methods="3" coveredmethods="3" elements="23" coveredelements="23" complexity="0" loc="14" ncloc="14" packages="1" files="1" classes="1"/>
    <file name="CSharpParser.ts" path="C:\dev\production\tools\npm-dotnet-to-ts\dotnet-to-ts\src\parser\CSharpParser.ts">
      <metrics statements="14" coveredstatements="14" conditionals="6" coveredconditionals="6" methods="3" coveredmethods="3"/>
      <line num="22" count="30" type="stmt"/>
      <line num="23" count="30" type="cond" truecount="2" falsecount="0"/>
      <line num="25" count="27" type="stmt"/>
      <line num="27" count="27" type="stmt"/>
      <line num="37" count="27" type="stmt"/>
      <line num="49" count="27" type="stmt"/>
      <line num="52" count="27" type="stmt"/>
      <line num="53" count="55" type="stmt"/>
      <line num="59" count="27" type="stmt"/>
      <line num="71" count="30" type="stmt"/>
      <line num="72" count="30" type="stmt"/>
      <line num="73" count="30" type="cond" truecount="4" falsecount="0"/>
      <line num="74" count="27" type="stmt"/>
      <line num="76" count="3" type="stmt"/>
    </file>
  </project>
</coverage>
