<?xml version="1.0" encoding="UTF-8"?>
<coverage generated="1768838768321" clover="3.2.0">
  <project timestamp="1768838768322" name="All files">
    <metrics statements="64" coveredstatements="64" conditionals="40" coveredconditionals="40" methods="9" coveredmethods="9" elements="113" coveredelements="113" complexity="0" loc="64" ncloc="64" packages="3" files="3" classes="3"/>
    <package name="generator">
      <metrics statements="22" coveredstatements="22" conditionals="15" coveredconditionals="15" methods="5" coveredmethods="5"/>
      <file name="TypeScriptGenerator.ts" path="C:\dev\production\tools\npm-dotnet-to-ts\dotnet-to-ts\src\generator\TypeScriptGenerator.ts">
        <metrics statements="22" coveredstatements="22" conditionals="15" coveredconditionals="15" methods="5" coveredmethods="5"/>
        <line num="19" count="23" type="stmt"/>
        <line num="22" count="23" type="stmt"/>
        <line num="35" count="21" type="stmt"/>
        <line num="38" count="21" type="cond" truecount="2" falsecount="0"/>
        <line num="39" count="20" type="stmt"/>
        <line num="40" count="20" type="stmt"/>
        <line num="41" count="20" type="stmt"/>
        <line num="42" count="20" type="stmt"/>
        <line num="43" count="20" type="stmt"/>
        <line num="44" count="20" type="stmt"/>
        <line num="48" count="21" type="cond" truecount="2" falsecount="0"/>
        <line num="51" count="21" type="stmt"/>
        <line num="54" count="21" type="cond" truecount="2" falsecount="0"/>
        <line num="56" count="1" type="stmt"/>
        <line num="58" count="20" type="stmt"/>
        <line num="60" count="33" type="cond" truecount="2" falsecount="0"/>
        <line num="63" count="33" type="stmt"/>
        <line num="68" count="21" type="stmt"/>
        <line num="71" count="21" type="stmt"/>
        <line num="80" count="2" type="stmt"/>
        <line num="81" count="4" type="stmt"/>
        <line num="85" count="2" type="stmt"/>
      </file>
    </package>
    <package name="mapper">
      <metrics statements="28" coveredstatements="28" conditionals="19" coveredconditionals="19" methods="1" coveredmethods="1"/>
      <file name="TypeMapper.ts" path="C:\dev\production\tools\npm-dotnet-to-ts\dotnet-to-ts\src\mapper\TypeMapper.ts">
        <metrics statements="28" coveredstatements="28" conditionals="19" coveredconditionals="19" methods="1" coveredmethods="1"/>
        <line num="6" count="75" type="stmt"/>
        <line num="35" count="169" type="stmt"/>
        <line num="36" count="169" type="cond" truecount="2" falsecount="0"/>
        <line num="37" count="14" type="stmt"/>
        <line num="38" count="14" type="stmt"/>
        <line num="39" count="14" type="stmt"/>
        <line num="43" count="155" type="stmt"/>
        <line num="44" count="155" type="cond" truecount="4" falsecount="0"/>
        <line num="45" count="15" type="stmt"/>
        <line num="46" count="15" type="stmt"/>
        <line num="47" count="15" type="stmt"/>
        <line num="50" count="15" type="cond" truecount="2" falsecount="0"/>
        <line num="51" count="4" type="stmt"/>
        <line num="54" count="11" type="stmt"/>
        <line num="58" count="140" type="stmt"/>
        <line num="59" count="140" type="cond" truecount="4" falsecount="0"/>
        <line num="60" count="4" type="stmt"/>
        <line num="61" count="4" type="stmt"/>
        <line num="65" count="136" type="stmt"/>
        <line num="68" count="136" type="cond" truecount="5" falsecount="0"/>
        <line num="69" count="9" type="stmt"/>
        <line num="70" count="9" type="stmt"/>
        <line num="71" count="9" type="stmt"/>
        <line num="72" count="9" type="stmt"/>
        <line num="73" count="9" type="stmt"/>
        <line num="77" count="127" type="cond" truecount="2" falsecount="0"/>
        <line num="78" count="98" type="stmt"/>
        <line num="83" count="29" type="stmt"/>
      </file>
    </package>
    <package name="parser">
      <metrics statements="14" coveredstatements="14" conditionals="6" coveredconditionals="6" methods="3" coveredmethods="3"/>
      <file name="CSharpParser.ts" path="C:\dev\production\tools\npm-dotnet-to-ts\dotnet-to-ts\src\parser\CSharpParser.ts">
        <metrics statements="14" coveredstatements="14" conditionals="6" coveredconditionals="6" methods="3" coveredmethods="3"/>
        <line num="22" count="30" type="stmt"/>
        <line num="23" count="30" type="cond" truecount="2" falsecount="0"/>
        <line num="25" count="27" type="stmt"/>
        <line num="27" count="27" type="stmt"/>
        <line num="37" count="27" type="stmt"/>
        <line num="49" count="27" type="stmt"/>
        <line num="52" count="27" type="stmt"/>
        <line num="53" count="55" type="stmt"/>
        <line num="59" count="27" type="stmt"/>
        <line num="71" count="30" type="stmt"/>
        <line num="72" count="30" type="stmt"/>
        <line num="73" count="30" type="cond" truecount="4" falsecount="0"/>
        <line num="74" count="27" type="stmt"/>
        <line num="76" count="3" type="stmt"/>
      </file>
    </package>
  </project>
</coverage>
