{"C:\\dev\\production\\tools\\npm-dotnet-to-ts\\dotnet-to-ts\\src\\generator\\TypeScriptGenerator.ts": {"path":"C:\\dev\\production\\tools\\npm-dotnet-to-ts\\dotnet-to-ts\\src\\generator\\TypeScriptGenerator.ts","statementMap":{"0":{"start":{"line":19,"column":4},"end":{"line":19,"column":null}},"1":{"start":{"line":22,"column":4},"end":{"line":26,"column":null}},"2":{"start":{"line":35,"column":28},"end":{"line":35,"column":null}},"3":{"start":{"line":38,"column":4},"end":{"line":45,"column":null}},"4":{"start":{"line":39,"column":6},"end":{"line":39,"column":null}},"5":{"start":{"line":40,"column":6},"end":{"line":40,"column":null}},"6":{"start":{"line":41,"column":6},"end":{"line":41,"column":null}},"7":{"start":{"line":42,"column":6},"end":{"line":42,"column":null}},"8":{"start":{"line":43,"column":6},"end":{"line":43,"column":null}},"9":{"start":{"line":44,"column":6},"end":{"line":44,"column":null}},"10":{"start":{"line":48,"column":26},"end":{"line":48,"column":null}},"11":{"start":{"line":51,"column":4},"end":{"line":51,"column":null}},"12":{"start":{"line":54,"column":4},"end":{"line":65,"column":null}},"13":{"start":{"line":56,"column":6},"end":{"line":56,"column":null}},"14":{"start":{"line":58,"column":6},"end":{"line":64,"column":null}},"15":{"start":{"line":60,"column":23},"end":{"line":60,"column":null}},"16":{"start":{"line":63,"column":8},"end":{"line":63,"column":null}},"17":{"start":{"line":68,"column":4},"end":{"line":68,"column":null}},"18":{"start":{"line":71,"column":4},"end":{"line":71,"column":null}},"19":{"start":{"line":80,"column":23},"end":{"line":82,"column":null}},"20":{"start":{"line":81,"column":6},"end":{"line":81,"column":null}},"21":{"start":{"line":85,"column":4},"end":{"line":85,"column":null}}},"fnMap":{"0":{"name":"(anonymous_0)","decl":{"start":{"line":18,"column":2},"end":{"line":18,"column":14}},"loc":{"start":{"line":18,"column":46},"end":{"line":27,"column":null}},"line":18},"1":{"name":"(anonymous_1)","decl":{"start":{"line":34,"column":2},"end":{"line":34,"column":11}},"loc":{"start":{"line":34,"column":45},"end":{"line":72,"column":null}},"line":34},"2":{"name":"(anonymous_2)","decl":{"start":{"line":58,"column":37},"end":{"line":58,"column":38}},"loc":{"start":{"line":58,"column":51},"end":{"line":64,"column":7}},"line":58},"3":{"name":"(anonymous_3)","decl":{"start":{"line":79,"column":2},"end":{"line":79,"column":19}},"loc":{"start":{"line":79,"column":57},"end":{"line":86,"column":null}},"line":79},"4":{"name":"(anonymous_4)","decl":{"start":{"line":80,"column":41},"end":{"line":80,"column":42}},"loc":{"start":{"line":81,"column":6},"end":{"line":81,"column":null}},"line":81}},"branchMap":{"0":{"loc":{"start":{"line":18,"column":14},"end":{"line":18,"column":46}},"type":"default-arg","locations":[{"start":{"line":18,"column":42},"end":{"line":18,"column":46}}],"line":18},"1":{"loc":{"start":{"line":23,"column":19},"end":{"line":23,"column":null}},"type":"binary-expr","locations":[{"start":{"line":23,"column":19},"end":{"line":23,"column":42}},{"start":{"line":23,"column":42},"end":{"line":23,"column":null}}],"line":23},"2":{"loc":{"start":{"line":24,"column":20},"end":{"line":24,"column":null}},"type":"binary-expr","locations":[{"start":{"line":24,"column":20},"end":{"line":24,"column":44}},{"start":{"line":24,"column":44},"end":{"line":24,"column":null}}],"line":24},"3":{"loc":{"start":{"line":25,"column":24},"end":{"line":25,"column":null}},"type":"binary-expr","locations":[{"start":{"line":25,"column":24},"end":{"line":25,"column":52}},{"start":{"line":25,"column":52},"end":{"line":25,"column":null}}],"line":25},"4":{"loc":{"start":{"line":38,"column":4},"end":{"line":45,"column":null}},"type":"if","locations":[{"start":{"line":38,"column":4},"end":{"line":45,"column":null}},{"start":{},"end":{}}],"line":38},"5":{"loc":{"start":{"line":48,"column":26},"end":{"line":48,"column":null}},"type":"cond-expr","locations":[{"start":{"line":48,"column":58},"end":{"line":48,"column":70}},{"start":{"line":48,"column":70},"end":{"line":48,"column":null}}],"line":48},"6":{"loc":{"start":{"line":54,"column":4},"end":{"line":65,"column":null}},"type":"if","locations":[{"start":{"line":54,"column":4},"end":{"line":65,"column":null}},{"start":{"line":57,"column":11},"end":{"line":65,"column":null}}],"line":54},"7":{"loc":{"start":{"line":60,"column":43},"end":{"line":60,"column":65}},"type":"binary-expr","locations":[{"start":{"line":60,"column":43},"end":{"line":60,"column":60}},{"start":{"line":60,"column":60},"end":{"line":60,"column":65}}],"line":60}},"s":{"0":40,"1":40,"2":41,"3":41,"4":23,"5":23,"6":23,"7":23,"8":23,"9":23,"10":41,"11":41,"12":41,"13":1,"14":40,"15":89,"16":89,"17":41,"18":41,"19":4,"20":9,"21":4},"f":{"0":40,"1":41,"2":89,"3":4,"4":9},"b":{"0":[40],"1":[40,36],"2":[40,24],"3":[40,37],"4":[23,18],"5":[39,2],"6":[1,40],"7":[89,1]},"meta":{"lastBranch":8,"lastFunction":5,"lastStatement":22,"seen":{"f:18:2:18:14":0,"b:18:42:18:46":0,"s:19:4:19:Infinity":0,"s:22:4:26:Infinity":1,"b:23:19:23:42:23:42:23:Infinity":1,"b:24:20:24:44:24:44:24:Infinity":2,"b:25:24:25:52:25:52:25:Infinity":3,"f:34:2:34:11":1,"s:35:28:35:Infinity":2,"b:38:4:45:Infinity:undefined:undefined:undefined:undefined":4,"s:38:4:45:Infinity":3,"s:39:6:39:Infinity":4,"s:40:6:40:Infinity":5,"s:41:6:41:Infinity":6,"s:42:6:42:Infinity":7,"s:43:6:43:Infinity":8,"s:44:6:44:Infinity":9,"s:48:26:48:Infinity":10,"b:48:58:48:70:48:70:48:Infinity":5,"s:51:4:51:Infinity":11,"b:54:4:65:Infinity:57:11:65:Infinity":6,"s:54:4:65:Infinity":12,"s:56:6:56:Infinity":13,"s:58:6:64:Infinity":14,"f:58:37:58:38":2,"s:60:23:60:Infinity":15,"b:60:43:60:60:60:60:60:65":7,"s:63:8:63:Infinity":16,"s:68:4:68:Infinity":17,"s:71:4:71:Infinity":18,"f:79:2:79:19":3,"s:80:23:82:Infinity":19,"f:80:41:80:42":4,"s:81:6:81:Infinity":20,"s:85:4:85:Infinity":21}}}
,"C:\\dev\\production\\tools\\npm-dotnet-to-ts\\dotnet-to-ts\\src\\mapper\\TypeMapper.ts": {"path":"C:\\dev\\production\\tools\\npm-dotnet-to-ts\\dotnet-to-ts\\src\\mapper\\TypeMapper.ts","statementMap":{"0":{"start":{"line":6,"column":53},"end":{"line":31,"column":null}},"1":{"start":{"line":35,"column":23},"end":{"line":35,"column":null}},"2":{"start":{"line":36,"column":4},"end":{"line":40,"column":null}},"3":{"start":{"line":37,"column":23},"end":{"line":37,"column":null}},"4":{"start":{"line":38,"column":29},"end":{"line":38,"column":null}},"5":{"start":{"line":39,"column":6},"end":{"line":39,"column":null}},"6":{"start":{"line":43,"column":22},"end":{"line":43,"column":null}},"7":{"start":{"line":44,"column":4},"end":{"line":55,"column":null}},"8":{"start":{"line":45,"column":6},"end":{"line":45,"column":null}},"9":{"start":{"line":46,"column":26},"end":{"line":46,"column":null}},"10":{"start":{"line":47,"column":30},"end":{"line":47,"column":null}},"11":{"start":{"line":50,"column":6},"end":{"line":52,"column":null}},"12":{"start":{"line":51,"column":8},"end":{"line":51,"column":null}},"13":{"start":{"line":54,"column":6},"end":{"line":54,"column":null}},"14":{"start":{"line":58,"column":23},"end":{"line":58,"column":null}},"15":{"start":{"line":59,"column":4},"end":{"line":62,"column":null}},"16":{"start":{"line":60,"column":32},"end":{"line":60,"column":null}},"17":{"start":{"line":61,"column":6},"end":{"line":61,"column":null}},"18":{"start":{"line":65,"column":28},"end":{"line":67,"column":null}},"19":{"start":{"line":68,"column":4},"end":{"line":74,"column":null}},"20":{"start":{"line":69,"column":22},"end":{"line":69,"column":null}},"21":{"start":{"line":70,"column":24},"end":{"line":70,"column":null}},"22":{"start":{"line":71,"column":28},"end":{"line":71,"column":null}},"23":{"start":{"line":72,"column":30},"end":{"line":72,"column":null}},"24":{"start":{"line":73,"column":6},"end":{"line":73,"column":null}},"25":{"start":{"line":77,"column":4},"end":{"line":79,"column":null}},"26":{"start":{"line":78,"column":6},"end":{"line":78,"column":null}},"27":{"start":{"line":83,"column":4},"end":{"line":83,"column":null}}},"fnMap":{"0":{"name":"(anonymous_0)","decl":{"start":{"line":33,"column":2},"end":{"line":33,"column":6}},"loc":{"start":{"line":33,"column":34},"end":{"line":84,"column":null}},"line":33}},"branchMap":{"0":{"loc":{"start":{"line":36,"column":4},"end":{"line":40,"column":null}},"type":"if","locations":[{"start":{"line":36,"column":4},"end":{"line":40,"column":null}},{"start":{},"end":{}}],"line":36},"1":{"loc":{"start":{"line":44,"column":4},"end":{"line":55,"column":null}},"type":"if","locations":[{"start":{"line":44,"column":4},"end":{"line":55,"column":null}},{"start":{},"end":{}}],"line":44},"2":{"loc":{"start":{"line":44,"column":8},"end":{"line":44,"column":35}},"type":"binary-expr","locations":[{"start":{"line":44,"column":8},"end":{"line":44,"column":21}},{"start":{"line":44,"column":21},"end":{"line":44,"column":35}}],"line":44},"3":{"loc":{"start":{"line":50,"column":6},"end":{"line":52,"column":null}},"type":"if","locations":[{"start":{"line":50,"column":6},"end":{"line":52,"column":null}},{"start":{},"end":{}}],"line":50},"4":{"loc":{"start":{"line":59,"column":4},"end":{"line":62,"column":null}},"type":"if","locations":[{"start":{"line":59,"column":4},"end":{"line":62,"column":null}},{"start":{},"end":{}}],"line":59},"5":{"loc":{"start":{"line":59,"column":8},"end":{"line":59,"column":37}},"type":"binary-expr","locations":[{"start":{"line":59,"column":8},"end":{"line":59,"column":22}},{"start":{"line":59,"column":22},"end":{"line":59,"column":37}}],"line":59},"6":{"loc":{"start":{"line":68,"column":4},"end":{"line":74,"column":null}},"type":"if","locations":[{"start":{"line":68,"column":4},"end":{"line":74,"column":null}},{"start":{},"end":{}}],"line":68},"7":{"loc":{"start":{"line":68,"column":8},"end":{"line":68,"column":69}},"type":"binary-expr","locations":[{"start":{"line":68,"column":8},"end":{"line":68,"column":27}},{"start":{"line":68,"column":27},"end":{"line":68,"column":49}},{"start":{"line":68,"column":49},"end":{"line":68,"column":69}}],"line":68},"8":{"loc":{"start":{"line":77,"column":4},"end":{"line":79,"column":null}},"type":"if","locations":[{"start":{"line":77,"column":4},"end":{"line":79,"column":null}},{"start":{},"end":{}}],"line":77}},"s":{"0":92,"1":241,"2":241,"3":18,"4":18,"5":18,"6":223,"7":223,"8":19,"9":19,"10":19,"11":19,"12":5,"13":14,"14":204,"15":204,"16":4,"17":4,"18":200,"19":200,"20":10,"21":10,"22":10,"23":10,"24":10,"25":190,"26":154,"27":36},"f":{"0":241},"b":{"0":[18,223],"1":[19,204],"2":[223,19],"3":[5,14],"4":[4,200],"5":[204,4],"6":[10,190],"7":[200,10,10],"8":[154,36]},"meta":{"lastBranch":9,"lastFunction":1,"lastStatement":28,"seen":{"s:6:53:31:Infinity":0,"f:33:2:33:6":0,"s:35:23:35:Infinity":1,"b:36:4:40:Infinity:undefined:undefined:undefined:undefined":0,"s:36:4:40:Infinity":2,"s:37:23:37:Infinity":3,"s:38:29:38:Infinity":4,"s:39:6:39:Infinity":5,"s:43:22:43:Infinity":6,"b:44:4:55:Infinity:undefined:undefined:undefined:undefined":1,"s:44:4:55:Infinity":7,"b:44:8:44:21:44:21:44:35":2,"s:45:6:45:Infinity":8,"s:46:26:46:Infinity":9,"s:47:30:47:Infinity":10,"b:50:6:52:Infinity:undefined:undefined:undefined:undefined":3,"s:50:6:52:Infinity":11,"s:51:8:51:Infinity":12,"s:54:6:54:Infinity":13,"s:58:23:58:Infinity":14,"b:59:4:62:Infinity:undefined:undefined:undefined:undefined":4,"s:59:4:62:Infinity":15,"b:59:8:59:22:59:22:59:37":5,"s:60:32:60:Infinity":16,"s:61:6:61:Infinity":17,"s:65:28:67:Infinity":18,"b:68:4:74:Infinity:undefined:undefined:undefined:undefined":6,"s:68:4:74:Infinity":19,"b:68:8:68:27:68:27:68:49:68:49:68:69":7,"s:69:22:69:Infinity":20,"s:70:24:70:Infinity":21,"s:71:28:71:Infinity":22,"s:72:30:72:Infinity":23,"s:73:6:73:Infinity":24,"b:77:4:79:Infinity:undefined:undefined:undefined:undefined":8,"s:77:4:79:Infinity":25,"s:78:6:78:Infinity":26,"s:83:4:83:Infinity":27}}}
,"C:\\dev\\production\\tools\\npm-dotnet-to-ts\\dotnet-to-ts\\src\\parser\\CSharpParser.ts": {"path":"C:\\dev\\production\\tools\\npm-dotnet-to-ts\\dotnet-to-ts\\src\\parser\\CSharpParser.ts","statementMap":{"0":{"start":{"line":22,"column":22},"end":{"line":22,"column":null}},"1":{"start":{"line":23,"column":4},"end":{"line":23,"column":null}},"2":{"start":{"line":23,"column":20},"end":{"line":23,"column":null}},"3":{"start":{"line":25,"column":23},"end":{"line":25,"column":null}},"4":{"start":{"line":27,"column":4},"end":{"line":27,"column":null}},"5":{"start":{"line":37,"column":35},"end":{"line":37,"column":null}},"6":{"start":{"line":54,"column":6},"end":{"line":54,"column":null}},"7":{"start":{"line":57,"column":4},"end":{"line":62,"column":null}},"8":{"start":{"line":58,"column":6},"end":{"line":61,"column":null}},"9":{"start":{"line":64,"column":4},"end":{"line":64,"column":null}},"10":{"start":{"line":76,"column":23},"end":{"line":76,"column":null}},"11":{"start":{"line":77,"column":18},"end":{"line":77,"column":null}},"12":{"start":{"line":78,"column":4},"end":{"line":80,"column":null}},"13":{"start":{"line":79,"column":6},"end":{"line":79,"column":null}},"14":{"start":{"line":81,"column":4},"end":{"line":81,"column":null}}},"fnMap":{"0":{"name":"(anonymous_0)","decl":{"start":{"line":21,"column":2},"end":{"line":21,"column":8}},"loc":{"start":{"line":21,"column":48},"end":{"line":28,"column":null}},"line":21},"1":{"name":"(anonymous_1)","decl":{"start":{"line":36,"column":10},"end":{"line":36,"column":28}},"loc":{"start":{"line":36,"column":60},"end":{"line":65,"column":null}},"line":36},"2":{"name":"(anonymous_2)","decl":{"start":{"line":72,"column":10},"end":{"line":72,"column":27}},"loc":{"start":{"line":72,"column":62},"end":{"line":82,"column":null}},"line":72}},"branchMap":{"0":{"loc":{"start":{"line":23,"column":4},"end":{"line":23,"column":null}},"type":"if","locations":[{"start":{"line":23,"column":4},"end":{"line":23,"column":null}},{"start":{},"end":{}}],"line":23},"1":{"loc":{"start":{"line":78,"column":4},"end":{"line":80,"column":null}},"type":"if","locations":[{"start":{"line":78,"column":4},"end":{"line":80,"column":null}},{"start":{},"end":{}}],"line":78},"2":{"loc":{"start":{"line":78,"column":8},"end":{"line":78,"column":27}},"type":"binary-expr","locations":[{"start":{"line":78,"column":8},"end":{"line":78,"column":17}},{"start":{"line":78,"column":17},"end":{"line":78,"column":27}}],"line":78}},"s":{"0":47,"1":47,"2":3,"3":44,"4":44,"5":44,"6":44,"7":44,"8":108,"9":44,"10":47,"11":47,"12":47,"13":44,"14":3},"f":{"0":47,"1":44,"2":47},"b":{"0":[3,44],"1":[44,3],"2":[47,44]},"meta":{"lastBranch":3,"lastFunction":3,"lastStatement":15,"seen":{"f:21:2:21:8":0,"s:22:22:22:Infinity":0,"b:23:4:23:Infinity:undefined:undefined:undefined:undefined":0,"s:23:4:23:Infinity":1,"s:23:20:23:Infinity":2,"s:25:23:25:Infinity":3,"s:27:4:27:Infinity":4,"f:36:10:36:28":1,"s:37:35:37:Infinity":5,"s:54:6:54:Infinity":6,"s:57:4:62:Infinity":7,"s:58:6:61:Infinity":8,"s:64:4:64:Infinity":9,"f:72:10:72:27":2,"s:76:23:76:Infinity":10,"s:77:18:77:Infinity":11,"b:78:4:80:Infinity:undefined:undefined:undefined:undefined":1,"s:78:4:80:Infinity":12,"b:78:8:78:17:78:17:78:27":2,"s:79:6:79:Infinity":13,"s:81:4:81:Infinity":14}}}
}
