{"C:\\dev\\production\\tools\\npm-dotnet-to-ts\\dotnet-to-ts\\src\\parser\\CSharpParser.ts": {"path":"C:\\dev\\production\\tools\\npm-dotnet-to-ts\\dotnet-to-ts\\src\\parser\\CSharpParser.ts","statementMap":{"0":{"start":{"line":22,"column":22},"end":{"line":22,"column":null}},"1":{"start":{"line":23,"column":4},"end":{"line":23,"column":null}},"2":{"start":{"line":23,"column":20},"end":{"line":23,"column":null}},"3":{"start":{"line":25,"column":23},"end":{"line":25,"column":null}},"4":{"start":{"line":27,"column":4},"end":{"line":27,"column":null}},"5":{"start":{"line":37,"column":35},"end":{"line":37,"column":null}},"6":{"start":{"line":49,"column":6},"end":{"line":49,"column":null}},"7":{"start":{"line":52,"column":4},"end":{"line":57,"column":null}},"8":{"start":{"line":53,"column":6},"end":{"line":56,"column":null}},"9":{"start":{"line":59,"column":4},"end":{"line":59,"column":null}},"10":{"start":{"line":71,"column":23},"end":{"line":71,"column":null}},"11":{"start":{"line":72,"column":18},"end":{"line":72,"column":null}},"12":{"start":{"line":73,"column":4},"end":{"line":75,"column":null}},"13":{"start":{"line":74,"column":6},"end":{"line":74,"column":null}},"14":{"start":{"line":76,"column":4},"end":{"line":76,"column":null}}},"fnMap":{"0":{"name":"(anonymous_0)","decl":{"start":{"line":21,"column":2},"end":{"line":21,"column":8}},"loc":{"start":{"line":21,"column":48},"end":{"line":28,"column":null}},"line":21},"1":{"name":"(anonymous_1)","decl":{"start":{"line":36,"column":10},"end":{"line":36,"column":28}},"loc":{"start":{"line":36,"column":60},"end":{"line":60,"column":null}},"line":36},"2":{"name":"(anonymous_2)","decl":{"start":{"line":67,"column":10},"end":{"line":67,"column":27}},"loc":{"start":{"line":67,"column":62},"end":{"line":77,"column":null}},"line":67}},"branchMap":{"0":{"loc":{"start":{"line":23,"column":4},"end":{"line":23,"column":null}},"type":"if","locations":[{"start":{"line":23,"column":4},"end":{"line":23,"column":null}},{"start":{},"end":{}}],"line":23},"1":{"loc":{"start":{"line":73,"column":4},"end":{"line":75,"column":null}},"type":"if","locations":[{"start":{"line":73,"column":4},"end":{"line":75,"column":null}},{"start":{},"end":{}}],"line":73},"2":{"loc":{"start":{"line":73,"column":8},"end":{"line":73,"column":27}},"type":"binary-expr","locations":[{"start":{"line":73,"column":8},"end":{"line":73,"column":17}},{"start":{"line":73,"column":17},"end":{"line":73,"column":27}}],"line":73}},"s":{"0":30,"1":30,"2":3,"3":27,"4":27,"5":27,"6":27,"7":27,"8":55,"9":27,"10":30,"11":30,"12":30,"13":27,"14":3},"f":{"0":30,"1":27,"2":30},"b":{"0":[3,27],"1":[27,3],"2":[30,27]},"meta":{"lastBranch":3,"lastFunction":3,"lastStatement":15,"seen":{"f:21:2:21:8":0,"s:22:22:22:Infinity":0,"b:23:4:23:Infinity:undefined:undefined:undefined:undefined":0,"s:23:4:23:Infinity":1,"s:23:20:23:Infinity":2,"s:25:23:25:Infinity":3,"s:27:4:27:Infinity":4,"f:36:10:36:28":1,"s:37:35:37:Infinity":5,"s:49:6:49:Infinity":6,"s:52:4:57:Infinity":7,"s:53:6:56:Infinity":8,"s:59:4:59:Infinity":9,"f:67:10:67:27":2,"s:71:23:71:Infinity":10,"s:72:18:72:Infinity":11,"b:73:4:75:Infinity:undefined:undefined:undefined:undefined":1,"s:73:4:75:Infinity":12,"b:73:8:73:17:73:17:73:27":2,"s:74:6:74:Infinity":13,"s:76:4:76:Infinity":14}}}
}
